Number of randoms used 10 
Pi is 0.000000 
The error is 3.141593 
Execution time: 39.331479
Number of randoms used 100 
Pi is 0.000000 
The error is 3.141593 
Execution time: 0.020589
Number of randoms used 1000 
Pi is 2.800000 
The error is 0.341593 
Execution time: 0.018803
Number of randoms used 10000 
Pi is 3.105600 
The error is 0.035993 
Execution time: 0.021638
Number of randoms used 100000 
Pi is 3.135280 
The error is 0.006313 
Execution time: 0.091891
Number of randoms used 1000000 
Pi is 3.140372 
The error is 0.001221 
Execution time: 0.569968
Number of randoms used 10000000 
Pi is 3.140924 
The error is 0.000668 
Execution time: 4.187840
Number of randoms used 100000000 
Pi is 3.141581 
The error is 0.000012 
Execution time: 40.265988
Area is 100000000
Pi using OpenMp:	4.000000
