Number of randoms used 10 
Pi is 0.000000 
The error is 3.141593 
Execution time: 34.818784
Number of randoms used 100 
Pi is 0.000000 
The error is 3.141593 
Execution time: 0.018973
Number of randoms used 1000 
Pi is 2.800000 
The error is 0.341593 
Execution time: 0.019046
Number of randoms used 10000 
Pi is 3.105600 
The error is 0.035993 
Execution time: 0.021763
Number of randoms used 100000 
Pi is 3.135280 
The error is 0.006313 
Execution time: 0.095174
Number of randoms used 1000000 
Pi is 3.140372 
The error is 0.001221 
Execution time: 0.582899
Number of randoms used 10000000 
Pi is 3.140924 
The error is 0.000668 
Execution time: 4.490355
Number of randoms used 100000000 
Pi is 3.141581 
The error is 0.000012 
Execution time: 42.970004

Pi:	4.000000
